This is XeTeX, Version 3.1415926-2.3-0.9997.5 (TeX Live 2011) (format=xelatex 2011.11.14)  8 DEC 2011 16:51
entering extended mode
 \write18 enabled.
 %&-line parsing enabled.
**ask1.tex
(./ask1.tex
LaTeX2e <2011/06/27>
Babel <v3.8m> and hyphenation patterns for english, dumylang, nohyphenation, ge
rman-x-2011-07-01, ngerman-x-2011-07-01, afrikaans, ancientgreek, ibycus, arabi
c, armenian, basque, bulgarian, catalan, pinyin, coptic, croatian, czech, danis
h, dutch, ukenglish, usenglishmax, esperanto, estonian, ethiopic, farsi, finnis
h, french, galician, german, ngerman, swissgerman, monogreek, greek, hungarian,
 icelandic, assamese, bengali, gujarati, hindi, kannada, malayalam, marathi, or
iya, panjabi, tamil, telugu, indonesian, interlingua, irish, italian, kurmanji,
 lao, latin, latvian, lithuanian, mongolian, mongolianlmc, bokmal, nynorsk, pol
ish, portuguese, romanian, russian, sanskrit, serbian, serbianc, slovak, sloven
ian, spanish, swedish, turkish, turkmen, ukrainian, uppersorbian, welsh, loaded
.
(/usr/local/texlive/2011/texmf-dist/tex/latex/base/article.cls
Document Class: article 2007/10/19 v1.4h Standard LaTeX document class
(/usr/local/texlive/2011/texmf-dist/tex/latex/base/size10.clo
File: size10.clo 2007/10/19 v1.4h Standard LaTeX file (size option)
)
\c@part=\count80
\c@section=\count81
\c@subsection=\count82
\c@subsubsection=\count83
\c@paragraph=\count84
\c@subparagraph=\count85
\c@figure=\count86
\c@table=\count87
\abovecaptionskip=\skip41
\belowcaptionskip=\skip42
\bibindent=\dimen102
)
(/usr/local/texlive/2011/texmf-dist/tex/latex/anysize/anysize.sty
Package: anysize 1994/08/13 setting margin sizes

document style option `anysize' loaded
Michael Salzenberg, Thomas Esser, Dirk Hillbrecht
Version 1.0, Aug 13, 1994
\@Leftmargin=\dimen103
\@Rightmargin=\dimen104
\@Topmargin=\dimen105
\@Bottommargin=\dimen106
) (/usr/local/texlive/2011/texmf-dist/tex/latex/xltxtra/xltxtra.sty
Package: xltxtra 2010/09/20 v0.5e Improvements for the "XeLaTeX" format

(/usr/local/texlive/2011/texmf-dist/tex/generic/oberdiek/ifluatex.sty
Package: ifluatex 2010/03/01 v1.3 Provides the ifluatex switch (HO)
Package ifluatex Info: LuaTeX not detected.
)
(/usr/local/texlive/2011/texmf-dist/tex/generic/ifxetex/ifxetex.sty
Package: ifxetex 2010/09/12 v0.6 Provides ifxetex conditional
)
(/usr/local/texlive/2011/texmf-dist/tex/latex/fontspec/fontspec.sty
Package: fontspec 2011/09/18 v2.2a Advanced font selection for XeLaTeX/LuaLaTeX


(/usr/local/texlive/2011/texmf-dist/tex/latex/l3kernel/expl3.sty
(/usr/local/texlive/2011/texmf-dist/tex/latex/l3kernel/l3names.sty
(/usr/local/texlive/2011/texmf-dist/tex/latex/l3kernel/l3bootstrap.sty
Package: l3bootstrap 2011/09/10 v2798 L3 Experimental bootstrap code
)
Package: l3names 2011/10/09 v2896 L3 Experimental namespace for primitives
)
(/usr/local/texlive/2011/texmf-dist/tex/latex/etex-pkg/etex.sty
Package: etex 1998/03/26 v2.0 eTeX basic definition package (PEB)
\et@xins=\count88
)
(/usr/local/texlive/2011/texmf-dist/tex/latex/tools/calc.sty
Package: calc 2007/08/22 v4.3 Infix arithmetic (KKT,FJ)
\calc@Acount=\count89
\calc@Bcount=\count90
\calc@Adimen=\dimen107
\calc@Bdimen=\dimen108
\calc@Askip=\skip43
\calc@Bskip=\skip44
LaTeX Info: Redefining \setlength on input line 76.
LaTeX Info: Redefining \addtolength on input line 77.
\calc@Ccount=\count91
\calc@Cskip=\skip45
)
Package: expl3 2011/10/09 v2900 L3 Experimental code bundle wrapper

(/usr/local/texlive/2011/texmf-dist/tex/latex/graphics/color.sty
Package: color 2005/11/14 v1.0j Standard LaTeX Color (DPC)

(/usr/local/texlive/2011/texmf-dist/tex/latex/latexconfig/color.cfg
File: color.cfg 2007/01/18 v1.5 color configuration of teTeX/TeXLive
)
Package color Info: Driver file: xetex.def on input line 130.

(/usr/local/texlive/2011/texmf-dist/tex/xelatex/xetex-def/xetex.def
File: xetex.def 2009/11/22 v0.94 LaTeX color/graphics driver for XeTeX (RRM/JK)

))
(/usr/local/texlive/2011/texmf-dist/tex/latex/graphics/graphics.sty
Package: graphics 2009/02/05 v1.0o Standard LaTeX Graphics (DPC,SPQR)

(/usr/local/texlive/2011/texmf-dist/tex/latex/graphics/trig.sty
Package: trig 1999/03/16 v1.09 sin cos tan (DPC)
)
(/usr/local/texlive/2011/texmf-dist/tex/latex/latexconfig/graphics.cfg
File: graphics.cfg 2010/04/23 v1.9 graphics configuration of TeX Live
)
Package graphics Info: Driver file: xetex.def on input line 91.
)
(/usr/local/texlive/2011/texmf-dist/tex/latex/l3kernel/l3basics.sty
Package: l3basics 2011/10/09 v2896 L3 Experimental basic definitions
)
(/usr/local/texlive/2011/texmf-dist/tex/latex/l3kernel/l3expan.sty
Package: l3expan 2011/10/09 v2896 L3 Experimental argument expansion
)
(/usr/local/texlive/2011/texmf-dist/tex/latex/l3kernel/l3tl.sty
Package: l3tl 2011/09/16 v2831 L3 Experimental token lists
)
(/usr/local/texlive/2011/texmf-dist/tex/latex/l3kernel/l3seq.sty
Package: l3seq 2011/10/09 v2896 L3 Experimental sequences and stacks
)
(/usr/local/texlive/2011/texmf-dist/tex/latex/l3kernel/l3int.sty
Package: l3int 2011/10/09 v2896 L3 Experimental integers
\c_max_int=\count92
\l_tmpa_int=\count93
\l_tmpb_int=\count94
\l_tmpc_int=\count95
\g_tmpa_int=\count96
\g_tmpb_int=\count97
\g_seq_nesting_depth_int=\count98
\g_tl_inline_level_int=\count99
)
(/usr/local/texlive/2011/texmf-dist/tex/latex/l3kernel/l3quark.sty
Package: l3quark 2011/10/09 v2896 L3 Experimental quarks
)
(/usr/local/texlive/2011/texmf-dist/tex/latex/l3kernel/l3prg.sty
Package: l3prg 2011/10/09 v2896 L3 Experimental control structures
\g_prg_stepwise_level_int=\count100
)
(/usr/local/texlive/2011/texmf-dist/tex/latex/l3kernel/l3clist.sty
Package: l3clist 2011/10/09 v2896 L3 Experimental comma separated lists
\g_clist_map_inline_int=\count101
)
(/usr/local/texlive/2011/texmf-dist/tex/latex/l3kernel/l3token.sty
Package: l3token 2011/10/09 v2896 L3 Experimental token manipulation
)
(/usr/local/texlive/2011/texmf-dist/tex/latex/l3kernel/l3prop.sty
Package: l3prop 2011/09/17 v2839 L3 Experimental property lists
\g_prop_map_inline_int=\count102
)
(/usr/local/texlive/2011/texmf-dist/tex/latex/l3kernel/l3msg.sty
Package: l3msg 2011/10/09 v2896 L3 Experimental messages
)
(/usr/local/texlive/2011/texmf-dist/tex/latex/l3kernel/l3io.sty
Package: l3io 2011/10/09 v2896 L3 Experimental input-output operations
\l_iow_stream_int=\count103
\l_iow_line_length_int=\count104
\l_iow_target_length_int=\count105
\l_iow_current_line_int=\count106
\l_iow_current_word_int=\count107
\l_iow_current_indentation_int=\count108
)
(/usr/local/texlive/2011/texmf-dist/tex/latex/l3kernel/l3file.sty
Package: l3file 2011/10/09 v2896 L3 Experimental file operations
)
(/usr/local/texlive/2011/texmf-dist/tex/latex/l3kernel/l3skip.sty
Package: l3skip 2011/10/09 v2896 L3 Experimental dimensions and skips
\l_tmpa_dim=\dimen109
\l_tmpb_dim=\dimen110
\l_tmpc_dim=\dimen111
\g_tmpa_dim=\dimen112
\g_tmpb_dim=\dimen113
\l_tmpa_skip=\skip46
\l_tmpb_skip=\skip47
\l_tmpc_skip=\skip48
\g_tmpa_skip=\skip49
\g_tmpb_skip=\skip50
)
(/usr/local/texlive/2011/texmf-dist/tex/latex/l3kernel/l3keys.sty
Package: l3keys 2011/09/10 v2800 L3 Experimental key-value interfaces
\g_keyval_level_int=\count109
\l_keys_choice_int=\count110
)
(/usr/local/texlive/2011/texmf-dist/tex/latex/l3kernel/l3fp.sty
Package: l3fp 2011/09/26 v2857 L3 Experimental floating-point operations
\c_one_million=\count111
\c_one_hundred_million=\count112
\c_five_hundred_million=\count113
\c_one_thousand_million=\count114
\c_fp_pi_by_four_decimal_int=\count115
\c_fp_pi_by_four_extended_int=\count116
\c_fp_pi_decimal_int=\count117
\c_fp_pi_extended_int=\count118
\c_fp_two_pi_decimal_int=\count119
\c_fp_two_pi_extended_int=\count120
\l_fp_count_int=\count121
\l_fp_div_offset_int=\count122
\l_fp_exp_integer_int=\count123
\l_fp_exp_decimal_int=\count124
\l_fp_exp_extended_int=\count125
\l_fp_exp_exponent_int=\count126
\l_fp_input_a_sign_int=\count127
\l_fp_input_a_integer_int=\count128
\l_fp_input_a_decimal_int=\count129
\l_fp_input_a_exponent_int=\count130
\l_fp_input_b_sign_int=\count131
\l_fp_input_b_integer_int=\count132
\l_fp_input_b_decimal_int=\count133
\l_fp_input_b_exponent_int=\count134
\l_fp_input_a_extended_int=\count135
\l_fp_input_b_extended_int=\count136
\l_fp_mul_a_i_int=\count137
\l_fp_mul_a_ii_int=\count138
\l_fp_mul_a_iii_int=\count139
\l_fp_mul_a_iv_int=\count140
\l_fp_mul_a_v_int=\count141
\l_fp_mul_a_vi_int=\count142
\l_fp_mul_b_i_int=\count143
\l_fp_mul_b_ii_int=\count144
\l_fp_mul_b_iii_int=\count145
\l_fp_mul_b_iv_int=\count146
\l_fp_mul_b_v_int=\count147
\l_fp_mul_b_vi_int=\count148
\l_fp_mul_output_int=\count149
\l_fp_output_sign_int=\count150
\l_fp_output_integer_int=\count151
\l_fp_output_decimal_int=\count152
\l_fp_output_exponent_int=\count153
\l_fp_output_extended_int=\count154
\l_fp_round_position_int=\count155
\l_fp_round_target_int=\count156
\l_fp_split_sign_int=\count157
\l_fp_tmp_int=\count158
\l_fp_trig_octant_int=\count159
\l_fp_trig_sign_int=\count160
\l_fp_trig_decimal_int=\count161
\l_fp_trig_extended_int=\count162
\l_fp_tmp_dim=\dimen114
\l_fp_tmp_skip=\skip51
)
(/usr/local/texlive/2011/texmf-dist/tex/latex/l3kernel/l3box.sty
Package: l3box 2011/10/09 v2896 L3 Experimental boxes
\l_tmpb_box=\box26
\l_box_top_dim=\dimen115
\l_box_bottom_dim=\dimen116
\l_box_left_dim=\dimen117
\l_box_right_dim=\dimen118
\l_box_top_new_dim=\dimen119
\l_box_bottom_new_dim=\dimen120
\l_box_left_new_dim=\dimen121
\l_box_right_new_dim=\dimen122
\l_box_tmp_box=\box27
)
(/usr/local/texlive/2011/texmf-dist/tex/latex/l3kernel/l3coffins.sty
Package: l3coffins 2011/09/12 v2814 L3 Experimental coffin code layer
\l_coffin_tmp_box=\box28
\l_coffin_tmp_dim=\dimen123
\l_coffin_offset_x_dim=\dimen124
\l_coffin_offset_y_dim=\dimen125
\l_coffin_x_dim=\dimen126
\l_coffin_y_dim=\dimen127
\l_coffin_x_prime_dim=\dimen128
\l_coffin_y_prime_dim=\dimen129
\l_coffin_Depth_dim=\dimen130
\l_coffin_Height_dim=\dimen131
\l_coffin_TotalHeight_dim=\dimen132
\l_coffin_Width_dim=\dimen133
\c_empty_coffin=\box29
\l_coffin_aligned_coffin=\box30
\l_coffin_aligned_internal_coffin=\box31
\l_coffin_bounding_shift_dim=\dimen134
\l_coffin_left_corner_dim=\dimen135
\l_coffin_right_corner_dim=\dimen136
\l_coffin_bottom_corner_dim=\dimen137
\l_coffin_top_corner_dim=\dimen138
\l_coffin_scaled_total_height_dim=\dimen139
\l_coffin_scaled_width_dim=\dimen140
\l_coffin_display_coffin=\box32
\l_coffin_display_coord_coffin=\box33
\l_coffin_display_pole_coffin=\box34
\l_coffin_display_offset_dim=\dimen141
\l_coffin_display_x_dim=\dimen142
\l_coffin_display_y_dim=\dimen143
)
(/usr/local/texlive/2011/texmf-dist/tex/latex/l3kernel/l3color.sty
Package: l3color 2011/09/07 v2776 L3 Experimental colour support
)
(/usr/local/texlive/2011/texmf-dist/tex/latex/l3kernel/l3luatex.sty
Package: l3luatex 2011/09/10 v2798 L3 Experimental LuaTeX-specific functions
\g_cctab_allocate_int=\count163
\g_cctab_stack_int=\count164
))
(/usr/local/texlive/2011/texmf-dist/tex/latex/l3packages/xparse/xparse.sty
Package: xparse 2011/10/09 v2900 L3 Experimental document command parser
\l_xparse_m_args_int=\count165
\l_xparse_mandatory_args_int=\count166
\l_xparse_processor_int=\count167
\l_xparse_total_args_int=\count168
\l_xparse_v_nesting_int=\count169
)
\l_fontspec_script_int=\count170
\l_fontspec_language_int=\count171
\l_fontspec_strnum_int=\count172
\l_fontspec_tmpa_dim=\dimen144
\l_fontspec_tmpb_dim=\dimen145
\l_fontspec_tmpc_dim=\dimen146
Variant \tl_gset:cV already defined; not changing it on line 66

(/usr/local/texlive/2011/texmf-dist/tex/latex/fontspec/fontspec-patches.sty
Package: fontspec-patches 2011/09/18 v2.2a Advanced font selection for XeLaTeX/
LuaLaTeX

(/usr/local/texlive/2011/texmf-dist/tex/latex/base/fixltx2e.sty
Package: fixltx2e 2006/09/13 v1.1m fixes to LaTeX
LaTeX Info: Redefining \em on input line 420.
)
LaTeX Info: Redefining \em on input line 22.
LaTeX Info: Redefining \emph on input line 29.
LaTeX Info: Redefining \- on input line 32.
.................................................
. xparse info: "define-command"
. 
. Defining document command \liningnums with arg. spec. 'm' on line 111.
.................................................
)
(/usr/local/texlive/2011/texmf-dist/tex/latex/fontspec/fontspec-xetex.sty
Package: fontspec-xetex 2011/09/18 v2.2a Advanced font selection for XeLaTeX/Lu
aLaTeX

(/usr/local/texlive/2011/texmf-dist/tex/latex/base/fontenc.sty
Package: fontenc 2005/09/27 v1.99g Standard LaTeX package

(/usr/local/texlive/2011/texmf-dist/tex/latex/euenc/eu1enc.def
File: eu1enc.def 2010/05/27 v0.1h Experimental Unicode font encodings
)
LaTeX Font Info:    Try loading font information for EU1+lmr on input line 100.


(/usr/local/texlive/2011/texmf-dist/tex/latex/euenc/eu1lmr.fd
File: eu1lmr.fd 2009/10/30 v1.6 Font defs for Latin Modern
))
(/usr/local/texlive/2011/texmf-dist/tex/xelatex/xunicode/xunicode.sty
File: xunicode.sty 2011/09/09 v0.981 provides access to latin accents and many 
other characters in Unicode lower plane

(/usr/local/texlive/2011/texmf-dist/tex/latex/tipa/t3enc.def
File: t3enc.def 2001/12/31 T3 encoding
LaTeX Font Info:    Try loading font information for EU1+lmss on input line 357
.

(/usr/local/texlive/2011/texmf-dist/tex/latex/euenc/eu1lmss.fd
File: eu1lmss.fd 2009/10/30 v1.6 Font defs for Latin Modern
))
\tipaTiiicode=\count173
\tipasavetokens=\toks14
\tipachecktokens=\toks15

(/usr/local/texlive/2011/texmf-dist/tex/latex/graphics/graphicx.sty
Package: graphicx 1999/02/16 v1.0f Enhanced LaTeX Graphics (DPC,SPQR)

(/usr/local/texlive/2011/texmf-dist/tex/latex/graphics/keyval.sty
Package: keyval 1999/03/16 v1.13 key=value parser (DPC)
\KV@toks@=\toks16
)
\Gin@req@height=\dimen147
\Gin@req@width=\dimen148
))
.................................................
. xparse info: "define-command"
. 
. Defining document command \fontspec with arg. spec. 'O{}m' on line 39.
.................................................
.................................................
. xparse info: "define-command"
. 
. Defining document command \setmainfont with arg. spec. 'O{}m' on line 43.
.................................................
.................................................
. xparse info: "define-command"
. 
. Defining document command \setsansfont with arg. spec. 'O{}m' on line 47.
.................................................
.................................................
. xparse info: "define-command"
. 
. Defining document command \setmonofont with arg. spec. 'O{}m' on line 51.
.................................................
.................................................
. xparse info: "define-command"
. 
. Defining document command \setmathrm with arg. spec. 'O{}m' on line 59.
.................................................
.................................................
. xparse info: "define-command"
. 
. Defining document command \setboldmathrm with arg. spec. 'O{}m' on line 62.
.................................................
.................................................
. xparse info: "define-command"
. 
. Defining document command \setmathsf with arg. spec. 'O{}m' on line 65.
.................................................
.................................................
. xparse info: "define-command"
. 
. Defining document command \setmathtt with arg. spec. 'O{}m' on line 68.
.................................................
.................................................
. xparse info: "define-command"
. 
. Defining document command \newfontfamily with arg. spec. 'mO{}m' on line 84.
.................................................
.................................................
. xparse info: "define-command"
. 
. Defining document command \newfontface with arg. spec. 'mO{}m' on line 87.
.................................................
.................................................
. xparse info: "define-command"
. 
. Defining document command \defaultfontfeatures with arg. spec. 'm' on line
. 91.
.................................................
.................................................
. xparse info: "define-command"
. 
. Defining document command \addfontfeatures with arg. spec. 'm' on line 107.
.................................................
.................................................
. xparse info: "define-command"
. 
. Defining document command \newfontfeature with arg. spec. 'mm' on line 118.
.................................................
.................................................
. xparse info: "define-command"
. 
. Defining document command \newAATfeature with arg. spec. 'mmmm' on line 125.
.................................................
.................................................
. xparse info: "define-command"
. 
. Defining document command \newICUfeature with arg. spec. 'mmm' on line 132.
.................................................
.................................................
. xparse info: "define-command"
. 
. Defining document command \aliasfontfeature with arg. spec. 'mm' on line
. 159.
.................................................
.................................................
. xparse info: "define-command"
. 
. Defining document command \aliasfontfeatureoption with arg. spec. 'mmm' on
. line 164.
.................................................
.................................................
. xparse info: "define-command"
. 
. Defining document command \newfontscript with arg. spec. 'mm' on line 169.
.................................................
.................................................
. xparse info: "define-command"
. 
. Defining document command \newfontlanguage with arg. spec. 'mm' on line 192.
.................................................
.................................................
. xparse info: "define-command"
. 
. Defining document command \DeclareFontsExtensions with arg. spec. 'm' on
. line 211.
.................................................
Variant \prop_gput:cnV already defined; not changing it on line 485
Variant \prop_gput:cnx already defined; not changing it on line 486
Variant \keys_set:nx already defined; not changing it on line 963
\c@fontspec_tmp_int=\count174
LaTeX Info: Redefining \itshape on input line 1881.
LaTeX Info: Redefining \slshape on input line 1885.
LaTeX Info: Redefining \scshape on input line 1889.
LaTeX Info: Redefining \upshape on input line 1893.

(/usr/local/texlive/2011/texmf-dist/tex/latex/fontspec/fontspec.cfg)))
(/usr/local/texlive/2011/texmf-dist/tex/latex/realscripts/realscripts.sty
Package: realscripts 2010/09/30 v0.3 Access OpenType subscripts and superscript
s
.................................................
. xparse info: "define-command"
. 
. Defining document command \fakesubscript with arg. spec. 'm' on line 19.
.................................................
.................................................
. xparse info: "define-command"
. 
. Defining document command \fakesuperscript with arg. spec. 'm' on line 22.
.................................................
.................................................
. xparse info: "define-command"
. 
. Defining document command \realsubscript with arg. spec. 'm' on line 45.
.................................................
.................................................
. xparse info: "define-command"
. 
. Defining document command \realsuperscript with arg. spec. 'm' on line 60.
.................................................
.................................................
. xparse info: "define-command"
. 
. Defining document command \textsubsuperscript with arg. spec. 'sO{l}mm' on
. line 137.
.................................................
.................................................
. xparse info: "define-command"
. 
. Defining document command \textsupersubscript with arg. spec. 'sO{l}mm' on
. line 140.
.................................................
\subsupersep=\dimen149
)
(/usr/local/texlive/2011/texmf-dist/tex/latex/metalogo/metalogo.sty
Package: metalogo 2010/05/29 v0.12 Extended TeX logo macros
\xl@everylogo=\toks17
\xl@@everylogo=\toks18
LaTeX Info: Redefining \TeX on input line 193.
LaTeX Info: Redefining \LaTeX on input line 202.
LaTeX Info: Redefining \LaTeXe on input line 219.
)
\xxt@tempbox=\box35
)
(/usr/local/texlive/2011/texmf-dist/tex/xelatex/xgreek/xgreek.sty
File: xgreek.sty 2011/09/27 v2.3 Package `xgreek.sty'

Package `xgreek' version 2.3 by Apostolos Syropoulos
\@attic@num=\count175
)
(/usr/local/texlive/2011/texmf-dist/tex/latex/fancyvrb/fancyvrb.sty
Package: fancyvrb 2008/02/07

Style option: `fancyvrb' v2.7a, with DG/SPQR fixes, and firstline=lastline fix 
<2008/02/07> (tvz)
\FV@CodeLineNo=\count176
\FV@InFile=\read1
\FV@TabBox=\box36
\c@FancyVerbLine=\count177
\FV@StepNumber=\count178
\FV@OutFile=\write3
)
(/usr/local/texlive/2011/texmf-dist/tex/latex/minted/minted.sty
Package: minted 2011/09/17 v1.7 Yet another Pygments shim for LaTeX

(/usr/local/texlive/2011/texmf-dist/tex/latex/xcolor/xcolor.sty
Package: xcolor 2007/01/21 v2.11 LaTeX color extensions (UK)

(/usr/local/texlive/2011/texmf-dist/tex/latex/latexconfig/color.cfg
File: color.cfg 2007/01/18 v1.5 color configuration of teTeX/TeXLive
)
Package xcolor Info: Driver file: xetex.def on input line 225.
LaTeX Info: Redefining \color on input line 702.
Package xcolor Info: Model `cmy' substituted by `cmy0' on input line 1337.
Package xcolor Info: Model `RGB' extended on input line 1353.
Package xcolor Info: Model `HTML' substituted by `rgb' on input line 1355.
Package xcolor Info: Model `Hsb' substituted by `hsb' on input line 1356.
Package xcolor Info: Model `tHsb' substituted by `hsb' on input line 1357.
Package xcolor Info: Model `HSB' substituted by `hsb' on input line 1358.
Package xcolor Info: Model `Gray' substituted by `gray' on input line 1359.
Package xcolor Info: Model `wave' substituted by `hsb' on input line 1360.
)
(/usr/local/texlive/2011/texmf-dist/tex/latex/float/float.sty
Package: float 2001/11/08 v1.3d Float enhancements (AL)
\c@float@type=\count179
\float@exts=\toks19
\float@box=\box37
\@float@everytoks=\toks20
\@floatcapt=\box38
)
(/usr/local/texlive/2011/texmf-dist/tex/latex/base/ifthen.sty
Package: ifthen 2001/05/26 v1.1c Standard LaTeX ifthen package (DPC)
)
(/usr/local/texlive/2011/texmf-dist/tex/latex/ifplatform/ifplatform.sty
Package: ifplatform 2010/10/22 v0.4 Testing for the operating system

(/usr/local/texlive/2011/texmf-dist/tex/generic/oberdiek/pdftexcmds.sty
Package: pdftexcmds 2011/04/22 v0.16 Utilities of pdfTeX for LuaTeX (HO)

(/usr/local/texlive/2011/texmf-dist/tex/generic/oberdiek/infwarerr.sty
Package: infwarerr 2010/04/08 v1.3 Providing info/warning/message (HO)
)
(/usr/local/texlive/2011/texmf-dist/tex/generic/oberdiek/ltxcmds.sty
Package: ltxcmds 2011/04/18 v1.20 LaTeX kernel commands for general use (HO)
)
(/usr/local/texlive/2011/texmf-dist/tex/generic/oberdiek/ifpdf.sty
Package: ifpdf 2011/01/30 v2.3 Provides the ifpdf switch (HO)
Package ifpdf Info: pdfTeX in PDF mode is not detected.
)
Package pdftexcmds Info: LuaTeX not detected.
Package pdftexcmds Info: pdfTeX >= 1.30 not detected.
Package pdftexcmds Info: \pdf@primitive is available.
Package pdftexcmds Info: \pdf@ifprimitive is available.
Package pdftexcmds Info: \pdfdraftmode not found.
)
(/usr/local/texlive/2011/texmf-dist/tex/generic/oberdiek/catchfile.sty
Package: catchfile 2011/03/01 v1.6 Catches the contents of a file (HO)

(/usr/local/texlive/2011/texmf-dist/tex/generic/oberdiek/etexcmds.sty
Package: etexcmds 2011/02/16 v1.5 Prefix for e-TeX command names (HO)
Package etexcmds Info: Could not find \expanded.
(etexcmds)             That can mean that you are not using pdfTeX 1.50 or
(etexcmds)             that some package has redefined \expanded.
(etexcmds)             In the latter case, load this package earlier.
))
runsystem(uname -s > "ask1.w18")...executed.


(./ask1.w18)
runsystem(rm -- "ask1.w18")...executed.

)
\minted@bgbox=\box39
\minted@code=\write4
\@float@every@listing=\toks21
\c@listing=\count180
)
runsystem(which pygmentize && touch ask1.aex)...executed.

runsystem(rm ask1.aex)...executed.


(/usr/local/texlive/2011/texmf-dist/tex/latex/listings/listings.sty
\lst@mode=\count181
\lst@gtempboxa=\box40
\lst@token=\toks22
\lst@length=\count182
\lst@currlwidth=\dimen150
\lst@column=\count183
\lst@pos=\count184
\lst@lostspace=\dimen151
\lst@width=\dimen152
\lst@newlines=\count185
\lst@lineno=\count186
\lst@maxwidth=\dimen153

(/usr/local/texlive/2011/texmf-dist/tex/latex/listings/lstmisc.sty
File: lstmisc.sty 2007/02/22 1.4 (Carsten Heinz)
\c@lstnumber=\count187
\lst@skipnumbers=\count188
\lst@framebox=\box41
)
(/usr/local/texlive/2011/texmf-dist/tex/latex/listings/listings.cfg
File: listings.cfg 2007/02/22 1.4 listings configuration
))
Package: listings 2007/02/22 1.4 (Carsten Heinz)

(/usr/local/texlive/2011/texmf-dist/tex/latex/enumitem/enumitem.sty
Package: enumitem 2011/09/28 v3.5.2 Customized lists
\labelindent=\skip52
\enit@outerparindent=\dimen154
\enit@toks=\toks23
\enit@inbox=\box42
\enitdp@description=\count189
)
(/usr/local/texlive/2011/texmf-dist/tex/latex/framed/framed.sty
Package: framed 2007/10/04 v 0.95: framed or shaded text with page breaks
\fb@frw=\dimen155
\fb@frh=\dimen156
\FrameRule=\dimen157
\FrameSep=\dimen158
)
(/usr/local/texlive/2011/texmf-dist/tex/latex/relsize/relsize.sty
Package: relsize 2011/09/21 ver 4.0

Examine \normalsize starts \@setfontsize size may be \@xpt. 
Examine \small starts \@setfontsize size may be \@ixpt. 
Examine \footnotesize starts \@setfontsize size may be \@viiipt. 
Examine \large starts \@setfontsize size may be \@xiipt. 
Examine \Large starts \@setfontsize size may be \@xivpt. 
Examine \LARGE starts \@setfontsize size may be \@xviipt. 
Examine \scriptsize starts \@setfontsize size may be \@viipt. 
Examine \tiny starts \@setfontsize size may be \@vpt. 
Examine \huge starts \@setfontsize size may be \@xxpt. 
Examine \Huge starts \@setfontsize size may be \@xxvpt. )
\g_fontspec_family_DejaVu Serif_int=\count190
.................................................
. fontspec info: "defining-font"
. 
. Font family 'DejaVuSerif(0)' created for font 'DejaVu Serif' with options
. [Mapping=TeX-text].
. 
. This font family consists of the following shapes:
. 
. * 'normal' with NFSS spec.:
. <->"DejaVu Serif/ICU:script=latn;language=DFLT;mapping=TeX-text;"
. 
. * 'bold' with NFSS spec.:
. <->"DejaVu Serif/B/ICU:script=latn;language=DFLT;mapping=TeX-text;"
. 
. * 'italic' with NFSS spec.:
. <->"DejaVu Serif/I/ICU:script=latn;language=DFLT;mapping=TeX-text;"
. 
. * 'bold italic' with NFSS spec.:
. <->"DejaVu Serif/BI/ICU:script=latn;language=DFLT;mapping=TeX-text;"
.................................................
Font mapping `TeX-text.tec' for font `DejaVu Serif' not found.
 (./ask1.aux
(./title/title.aux))
\openout1 = `ask1.aux'.

LaTeX Font Info:    Checking defaults for OML/cmm/m/it on input line 22.
LaTeX Font Info:    ... okay on input line 22.
LaTeX Font Info:    Checking defaults for T1/cmr/m/n on input line 22.
LaTeX Font Info:    ... okay on input line 22.
LaTeX Font Info:    Checking defaults for OT1/cmr/m/n on input line 22.
LaTeX Font Info:    ... okay on input line 22.
LaTeX Font Info:    Checking defaults for OMS/cmsy/m/n on input line 22.
LaTeX Font Info:    ... okay on input line 22.
LaTeX Font Info:    Checking defaults for OMX/cmex/m/n on input line 22.
LaTeX Font Info:    ... okay on input line 22.
LaTeX Font Info:    Checking defaults for U/cmr/m/n on input line 22.
LaTeX Font Info:    ... okay on input line 22.
LaTeX Font Info:    Checking defaults for EU1/lmr/m/n on input line 22.
LaTeX Font Info:    ... okay on input line 22.
LaTeX Font Info:    Checking defaults for T3/cmr/m/n on input line 22.
LaTeX Font Info:    Try loading font information for T3+cmr on input line 22.

(/usr/local/texlive/2011/texmf-dist/tex/latex/tipa/t3cmr.fd
File: t3cmr.fd 2001/12/31 TIPA font definitions
)
LaTeX Font Info:    ... okay on input line 22.
.................................................
. fontspec info: "setup-math"
. 
. Adjusting the maths setup (use [no-math] to avoid this).
.................................................
\symlegacymaths=\mathgroup4
LaTeX Font Info:    Overwriting symbol font `legacymaths' in version `bold'
(Font)                  OT1/cmr/m/n --> OT1/cmr/bx/n on input line 22.
LaTeX Font Info:    Redeclaring math accent \acute on input line 22.
LaTeX Font Info:    Redeclaring math accent \grave on input line 22.
LaTeX Font Info:    Redeclaring math accent \ddot on input line 22.
LaTeX Font Info:    Redeclaring math accent \tilde on input line 22.
LaTeX Font Info:    Redeclaring math accent \bar on input line 22.
LaTeX Font Info:    Redeclaring math accent \breve on input line 22.
LaTeX Font Info:    Redeclaring math accent \check on input line 22.
LaTeX Font Info:    Redeclaring math accent \hat on input line 22.
LaTeX Font Info:    Redeclaring math accent \dot on input line 22.
LaTeX Font Info:    Redeclaring math accent \mathring on input line 22.
LaTeX Font Info:    Redeclaring math symbol \colon on input line 22.
LaTeX Font Info:    Redeclaring math symbol \Gamma on input line 22.
LaTeX Font Info:    Redeclaring math symbol \Delta on input line 22.
LaTeX Font Info:    Redeclaring math symbol \Theta on input line 22.
LaTeX Font Info:    Redeclaring math symbol \Lambda on input line 22.
LaTeX Font Info:    Redeclaring math symbol \Xi on input line 22.
LaTeX Font Info:    Redeclaring math symbol \Pi on input line 22.
LaTeX Font Info:    Redeclaring math symbol \Sigma on input line 22.
LaTeX Font Info:    Redeclaring math symbol \Upsilon on input line 22.
LaTeX Font Info:    Redeclaring math symbol \Phi on input line 22.
LaTeX Font Info:    Redeclaring math symbol \Psi on input line 22.
LaTeX Font Info:    Redeclaring math symbol \Omega on input line 22.
LaTeX Font Info:    Redeclaring math symbol \mathdollar on input line 22.
LaTeX Font Info:    Redeclaring symbol font `operators' on input line 22.
LaTeX Font Info:    Encoding `OT1' has changed to `EU1' for symbol font
(Font)              `operators' in the math version `normal' on input line 22.
LaTeX Font Info:    Overwriting symbol font `operators' in version `normal'
(Font)                  OT1/cmr/m/n --> EU1/DejaVuSerif(0)/m/n on input line 22
.
LaTeX Font Info:    Encoding `OT1' has changed to `EU1' for symbol font
(Font)              `operators' in the math version `bold' on input line 22.
LaTeX Font Info:    Overwriting symbol font `operators' in version `bold'
(Font)                  OT1/cmr/bx/n --> EU1/DejaVuSerif(0)/m/n on input line 2
2.
LaTeX Font Info:    Overwriting symbol font `operators' in version `normal'
(Font)                  EU1/DejaVuSerif(0)/m/n --> EU1/DejaVuSerif(0)/m/n on in
put line 22.
LaTeX Font Info:    Overwriting math alphabet `\mathrm' in version `normal'
(Font)                  EU1/DejaVuSerif(0)/m/n --> EU1/DejaVuSerif(0)/m/n on in
put line 22.
LaTeX Font Info:    Overwriting math alphabet `\mathit' in version `normal'
(Font)                  OT1/cmr/m/it --> EU1/DejaVuSerif(0)/m/it on input line 
22.
LaTeX Font Info:    Overwriting math alphabet `\mathbf' in version `normal'
(Font)                  OT1/cmr/bx/n --> EU1/DejaVuSerif(0)/bx/n on input line 
22.
LaTeX Font Info:    Overwriting math alphabet `\mathsf' in version `normal'
(Font)                  OT1/cmss/m/n --> EU1/lmss/m/n on input line 22.
LaTeX Font Info:    Overwriting math alphabet `\mathtt' in version `normal'
(Font)                  OT1/cmtt/m/n --> EU1/lmtt/m/n on input line 22.
LaTeX Font Info:    Overwriting symbol font `operators' in version `bold'
(Font)                  EU1/DejaVuSerif(0)/m/n --> EU1/DejaVuSerif(0)/bx/n on i
nput line 22.
LaTeX Font Info:    Overwriting math alphabet `\mathrm' in version `bold'
(Font)                  EU1/DejaVuSerif(0)/m/n --> EU1/DejaVuSerif(0)/bx/n on i
nput line 22.
LaTeX Font Info:    Overwriting math alphabet `\mathit' in version `bold'
(Font)                  OT1/cmr/bx/it --> EU1/DejaVuSerif(0)/bx/it on input lin
e 22.
LaTeX Font Info:    Overwriting math alphabet `\mathsf' in version `bold'
(Font)                  OT1/cmss/bx/n --> EU1/lmss/bx/n on input line 22.
LaTeX Font Info:    Overwriting math alphabet `\mathtt' in version `bold'
(Font)                  OT1/cmtt/m/n --> EU1/lmtt/bx/n on input line 22.
runsystem(pygmentize -S default -f latex > ask1.pyg)...executed.

 (./ask1.pyg)
\c@lstlisting=\count191
\openout2 = `title/title.aux'.


(./title/title.tex
Font mapping `TeX-text.tec' for font `DejaVu Serif' not found.
Font mapping `TeX-text.tec' for font `DejaVu Serif Italic' not found.
Font mapping `TeX-text.tec' for font `DejaVu Serif' not found.
LaTeX Font Info:    External font `cmex10' loaded for size
(Font)              <14.4> on input line 10.
LaTeX Font Info:    External font `cmex10' loaded for size
(Font)              <7> on input line 10.
Font mapping `TeX-text.tec' for font `DejaVu Serif Italic' not found.

Underfull \hbox (badness 10000) in paragraph at lines 10--12

 []

File: title/ntua_logo.eps Graphic file (type eps)
<title/ntua_logo.eps>
Font mapping `TeX-text.tec' for font `DejaVu Serif' not found.
Font mapping `TeX-text.tec' for font `DejaVu Serif' not found.
LaTeX Font Info:    External font `cmex10' loaded for size
(Font)              <20.74> on input line 20.
LaTeX Font Info:    External font `cmex10' loaded for size
(Font)              <12> on input line 20.
 [1


])
Font mapping `TeX-text.tec' for font `DejaVu Serif Bold' not found.
Font mapping `TeX-text.tec' for font `DejaVu Serif' not found.
LaTeX Font Info:    External font `cmex10' loaded for size
(Font)              <5> on input line 37.

Underfull \hbox (badness 10000) in paragraph at lines 58--62

 []


Underfull \hbox (badness 10000) in paragraph at lines 64--68

 []


Underfull \hbox (badness 10000) in paragraph at lines 69--72

 []


Underfull \hbox (badness 10000) in paragraph at lines 73--76

 []


Underfull \hbox (badness 10000) in paragraph at lines 77--79

 []


Underfull \hbox (badness 10000) in paragraph at lines 80--84

 []


Underfull \hbox (badness 10000) in paragraph at lines 85--91

 []

[1

]
Underfull \hbox (badness 10000) in paragraph at lines 118--120

 []

Missing character: There is no Α in font cmmi10!
Font mapping `TeX-text.tec' for font `DejaVu Serif Bold' not found.

Underfull \hbox (badness 10000) in paragraph at lines 164--165

 []


Overfull \hbox (25.93399pt too wide) in paragraph at lines 170--172
[]\EU1/DejaVuSerif(0)/m/n/10 Αν $\OML/cmm/m/it/10 A\OT1/cmr/m/n/10 [\OML/cmm/
m/it/10 k\OT1/cmr/m/n/10 /2] \OML/cmm/m/it/10 < B\OT1/cmr/m/n/10 [\OML/cmm/m/it
/10 k\OT1/cmr/m/n/10 /2 + 1]$ \EU1/DejaVuSerif(0)/m/n/10 και $\OML/cmm/m/it/
10 B\OT1/cmr/m/n/10 [\OML/cmm/m/it/10 k\OT1/cmr/m/n/10 /2] \OML/cmm/m/it/10 < A
\OT1/cmr/m/n/10 [\OML/cmm/m/it/10 k\OT1/cmr/m/n/10 /2 + 1]$ \EU1/DejaVuSerif(0)
/m/n/10 τοτε το k-οστό στοιχείο είναι το $\OML/cmm/m/i
t/10 max\OMS/cmsy/m/n/10 f\OML/cmm/m/it/10 A\OT1/cmr/m/n/10 [\OML/cmm/m/it/10 k
\OT1/cmr/m/n/10 /2]\OML/cmm/m/it/10 ; B\OT1/cmr/m/n/10 [\OML/cmm/m/it/10 k\OT1/
cmr/m/n/10 /2]\OMS/cmsy/m/n/10 g$\EU1/DejaVuSerif(0)/m/n/10 . 
 []

[2] [3] (./ask1.aux (./title/title.aux)) ) 
Here is how much of TeX's memory you used:
 16266 strings out of 494146
 336280 string characters out of 3152894
 346456 words of memory out of 3000000
 19316 multiletter control sequences out of 15000+200000
 6564 words of font info for 46 fonts, out of 3000000 for 9000
 1018 hyphenation exceptions out of 8191
 50i,7n,37p,616b,351s stack positions out of 5000i,500n,10000p,200000b,50000s

Output written on ask1.pdf (4 pages).
